<?xml version="1.0" encoding="UTF-8"?>
<!-- Generated by org.testng.reporters.JUnitXMLReporter -->
<testsuite hostname="PMUFTWIN101" ignored="6" name="BOTH Regression and Sanity Suite in THIS class(failed)(failed)" tests="2" failures="1" timestamp="24 Oct 2018 05:35:47 GMT" time="0.047" errors="0">
  <testcase name="b" time="0.015" classname="org.rupesh.demo.testng.BasicTestNG2">
    <failure type="org.testng.TestException" message="
Expected exception of type class java.lang.ArithmeticException but got java.io.FileNotFoundException">
      <![CDATA[org.testng.TestException: 
Expected exception of type class java.lang.ArithmeticException but got java.io.FileNotFoundException
Caused by: java.io.FileNotFoundException
at org.rupesh.demo.testng.BasicTestNG2.b(BasicTestNG2.java:51)
... 19 more
... Removed 28 stack frames]]>
    </failure>
  </testcase> <!-- b -->
  <testcase name="c" time="0.016" classname="org.rupesh.demo.testng.BasicTestNG2"/>
  <testcase name="f" time="0.0" classname="org.rupesh.demo.testng.BasicTestNG2">
    <ignored/>
  </testcase> <!-- f -->
  <testcase name="e" time="0.0" classname="org.rupesh.demo.testng.BasicTestNG2">
    <ignored/>
  </testcase> <!-- e -->
  <testcase name="d" time="0.0" classname="org.rupesh.demo.testng.BasicTestNG2">
    <ignored/>
  </testcase> <!-- d -->
  <testcase name="a" time="0.0" classname="org.rupesh.demo.testng.BasicTestNG2">
    <ignored/>
  </testcase> <!-- a -->
  <testcase name="h" time="0.0" classname="org.rupesh.demo.testng.BasicTestNG2">
    <ignored/>
  </testcase> <!-- h -->
  <testcase name="g" time="0.0" classname="org.rupesh.demo.testng.BasicTestNG2">
    <ignored/>
  </testcase> <!-- g -->
</testsuite> <!-- BOTH Regression and Sanity Suite in THIS class(failed)(failed) -->
