<?xml version="1.0" encoding="UTF-8"?>
<!-- Generated by org.testng.reporters.JUnitXMLReporter -->
<testsuite hostname="Rupesh1053" ignored="0" name="CBT Test By Package" tests="3" failures="0" timestamp="28 Oct 2018 06:27:14 GMT" time="88.659" errors="0">
  <testcase name="f" time="31.131" classname="crossBrowserTesting.TestInChromeBrowser"/>
  <testcase name="f" time="51.299" classname="crossBrowserTesting.TestInFireFoxBrowser"/>
  <testcase name="f" time="6.209" classname="crossBrowserTesting.TestInIEBrowser"/>
</testsuite> <!-- CBT Test By Package -->
