<?xml version="1.0" encoding="UTF-8"?>
<!-- Generated by org.testng.reporters.JUnitXMLReporter -->
<testsuite hostname="Rupesh1053" ignored="0" name="CBT Test By Classes" tests="3" failures="0" timestamp="28 Oct 2018 06:25:44 GMT" time="79.114" errors="0">
  <testcase name="f" time="21.826" classname="crossBrowserTesting.TestInChromeBrowser"/>
  <testcase name="f" time="49.915" classname="crossBrowserTesting.TestInFireFoxBrowser"/>
  <testcase name="f" time="7.292" classname="crossBrowserTesting.TestInIEBrowser"/>
</testsuite> <!-- CBT Test By Classes -->
