<?xml version="1.0" encoding="UTF-8"?>
<!-- Generated by org.testng.reporters.JUnitXMLReporter -->
<testsuite hostname="PMUFTWIN101" ignored="0" name="CBT Test" tests="3" failures="0" timestamp="01 Nov 2018 09:59:49 GMT" time="135.95" errors="0">
  <testcase name="f" time="11.454" classname="crossBrowserTesting.TestInChromeBrowser"/>
  <testcase name="f" time="17.328" classname="crossBrowserTesting.TestInFireFoxBrowser"/>
  <testcase name="f" time="135.857" classname="crossBrowserTesting.TestInIEBrowser"/>
</testsuite> <!-- CBT Test -->
