<?xml version="1.0" encoding="UTF-8"?>
<!-- Generated by org.testng.reporters.JUnitXMLReporter -->
<testsuite hostname="PMUFTWIN101" ignored="6" name="BOTH Regression and Sanity Suite in THIS package" tests="4" failures="1" timestamp="24 Oct 2018 11:00:03 GMT" time="0.206" errors="0">
  <testcase name="f" time="0.071" classname="org.rupesh.demo.testng.BasicTestNG1"/>
  <testcase name="b" time="0.017" classname="org.rupesh.demo.testng.BasicTestNG2">
    <skipped/>
  </testcase> <!-- b -->
  <testcase name="b" time="0.003" classname="org.rupesh.demo.testng.BasicTestNG2">
    <failure type="org.testng.TestException" message="
Expected exception of type class java.lang.ArithmeticException but got java.io.FileNotFoundException">
      <![CDATA[org.testng.TestException: 
Expected exception of type class java.lang.ArithmeticException but got java.io.FileNotFoundException
at java.util.concurrent.FutureTask.run(Unknown Source)
at java.util.concurrent.ThreadPoolExecutor.runWorker(Unknown Source)
at java.util.concurrent.ThreadPoolExecutor$Worker.run(Unknown Source)
at java.lang.Thread.run(Unknown Source)
Caused by: java.io.FileNotFoundException
at org.rupesh.demo.testng.BasicTestNG2.b(BasicTestNG2.java:51)
... 14 more
... Removed 19 stack frames]]>
    </failure>
  </testcase> <!-- b -->
  <testcase name="c" time="0.004" classname="org.rupesh.demo.testng.BasicTestNG2"/>
  <testcase name="f" time="0.0" classname="org.rupesh.demo.testng.BasicTestNG2">
    <ignored/>
  </testcase> <!-- f -->
  <testcase name="e" time="0.0" classname="org.rupesh.demo.testng.BasicTestNG2">
    <ignored/>
  </testcase> <!-- e -->
  <testcase name="d" time="0.0" classname="org.rupesh.demo.testng.BasicTestNG2">
    <ignored/>
  </testcase> <!-- d -->
  <testcase name="a" time="0.0" classname="org.rupesh.demo.testng.BasicTestNG2">
    <ignored/>
  </testcase> <!-- a -->
  <testcase name="h" time="0.0" classname="org.rupesh.demo.testng.BasicTestNG2">
    <ignored/>
  </testcase> <!-- h -->
  <testcase name="g" time="0.0" classname="org.rupesh.demo.testng.BasicTestNG2">
    <ignored/>
  </testcase> <!-- g -->
</testsuite> <!-- BOTH Regression and Sanity Suite in THIS package -->
