<?xml version="1.0" encoding="UTF-8"?>
<!-- Generated by org.testng.reporters.JUnitXMLReporter -->
<testsuite hostname="PMUFTWIN101" ignored="6" name="ALL tests in THIS class2" tests="2" failures="0" timestamp="19 Oct 2018 10:18:31 GMT" time="0.018" errors="0">
  <testcase name="a" time="0.002" classname="org.rupesh.demo.testng.BasicTestNG2"/>
  <testcase name="c" time="0.005" classname="org.rupesh.demo.testng.BasicTestNG2"/>
  <testcase name="f" time="0.0" classname="org.rupesh.demo.testng.BasicTestNG2">
    <ignored/>
  </testcase> <!-- f -->
  <testcase name="e" time="0.0" classname="org.rupesh.demo.testng.BasicTestNG2">
    <ignored/>
  </testcase> <!-- e -->
  <testcase name="d" time="0.0" classname="org.rupesh.demo.testng.BasicTestNG2">
    <ignored/>
  </testcase> <!-- d -->
  <testcase name="b" time="0.0" classname="org.rupesh.demo.testng.BasicTestNG2">
    <ignored/>
  </testcase> <!-- b -->
  <testcase name="h" time="0.0" classname="org.rupesh.demo.testng.BasicTestNG2">
    <ignored/>
  </testcase> <!-- h -->
  <testcase name="g" time="0.0" classname="org.rupesh.demo.testng.BasicTestNG2">
    <ignored/>
  </testcase> <!-- g -->
</testsuite> <!-- ALL tests in THIS class2 -->
