<?xml version="1.0" encoding="UTF-8"?>
<!-- Generated by org.testng.reporters.JUnitXMLReporter -->
<testsuite hostname="PMUFTWIN101" ignored="0" name="AllPackageTests" tests="9" failures="1" timestamp="19 Oct 2018 07:34:39 GMT" time="0.068" errors="0">
  <testcase name="f" time="0.002" classname="org.rupesh.demo.testng.BasicTestNG1"/>
  <testcase name="a" time="0.007" classname="org.rupesh.demo.testng.BasicTestNG2"/>
  <testcase name="b" time="0.002" classname="org.rupesh.demo.testng.BasicTestNG2">
    <failure type="org.testng.TestException" message="
Expected exception of type class java.lang.ArithmeticException but got java.io.FileNotFoundException">
      <![CDATA[org.testng.TestException: 
Expected exception of type class java.lang.ArithmeticException but got java.io.FileNotFoundException
Caused by: java.io.FileNotFoundException
at org.rupesh.demo.testng.BasicTestNG2.b(BasicTestNG2.java:19)
... 19 more
... Removed 28 stack frames]]>
    </failure>
  </testcase> <!-- b -->
  <testcase name="c" time="0.002" classname="org.rupesh.demo.testng.BasicTestNG2"/>
  <testcase name="d" time="0.002" classname="org.rupesh.demo.testng.BasicTestNG2"/>
  <testcase name="g" time="0.0" classname="org.rupesh.demo.testng.BasicTestNG2">
    <skipped/>
  </testcase> <!-- g -->
  <testcase name="h" time="0.006" classname="org.rupesh.demo.testng.BasicTestNG2"/>
  <testcase name="e" time="0.0" classname="org.rupesh.demo.testng.BasicTestNG2">
    <skipped/>
  </testcase> <!-- e -->
  <testcase name="f" time="0.001" classname="org.rupesh.demo.testng.BasicTestNG2"/>
</testsuite> <!-- AllPackageTests -->
