<?xml version="1.0" encoding="UTF-8"?>
<!-- Generated by org.testng.reporters.JUnitXMLReporter -->
<testsuite hostname="PMUFTWIN101" ignored="6" name="ONLY Regression Suite in THIS package" tests="3" failures="1" timestamp="23 Oct 2018 10:27:27 GMT" time="0.003" errors="0">
  <testcase name="a" time="0.0" classname="org.rupesh.demo.testng.BasicTestNG2"/>
  <testcase name="b" time="0.0" classname="org.rupesh.demo.testng.BasicTestNG2">
    <failure type="org.testng.TestException" message="
Expected exception of type class java.lang.ArithmeticException but got java.io.FileNotFoundException">
      <![CDATA[org.testng.TestException: 
Expected exception of type class java.lang.ArithmeticException but got java.io.FileNotFoundException
at org.rupesh.demo.testng.RunTestNGProgramatically.main(RunTestNGProgramatically.java:22)
Caused by: java.io.FileNotFoundException
at org.rupesh.demo.testng.BasicTestNG2.b(BasicTestNG2.java:43)
... 17 more
... Removed 25 stack frames]]>
    </failure>
  </testcase> <!-- b -->
  <testcase name="c" time="0.0" classname="org.rupesh.demo.testng.BasicTestNG2"/>
  <testcase name="f" time="0.0" classname="org.rupesh.demo.testng.BasicTestNG2">
    <ignored/>
  </testcase> <!-- f -->
  <testcase name="e" time="0.0" classname="org.rupesh.demo.testng.BasicTestNG2">
    <ignored/>
  </testcase> <!-- e -->
  <testcase name="d" time="0.0" classname="org.rupesh.demo.testng.BasicTestNG2">
    <ignored/>
  </testcase> <!-- d -->
  <testcase name="f" time="0.0" classname="org.rupesh.demo.testng.BasicTestNG1">
    <ignored/>
  </testcase> <!-- f -->
  <testcase name="h" time="0.0" classname="org.rupesh.demo.testng.BasicTestNG2">
    <ignored/>
  </testcase> <!-- h -->
  <testcase name="g" time="0.0" classname="org.rupesh.demo.testng.BasicTestNG2">
    <ignored/>
  </testcase> <!-- g -->
</testsuite> <!-- ONLY Regression Suite in THIS package -->
